<?xml version="1.0" encoding="UTF-8"?>
<!-- Generated by org.testng.reporters.JUnitReportReporter -->
<testsuite hostname="WIN-GLF10487UOQ" failures="0" tests="1" name="com.sddevops.coursework1.NewTestNG" time="1.453" errors="0" timestamp="9 Oct 2021 13:13:34 GMT">
  <testcase classname="com.sddevops.coursework1.NewTestNG" name="checkTitle" time="1.453"/>
</testsuite> <!-- com.sddevops.coursework1.NewTestNG -->
