<?xml version="1.0" encoding="UTF-8"?>
<!-- Generated by org.testng.reporters.JUnitReportReporter -->
<testsuite hostname="WIN-GLF10487UOQ" name="com.sddevops.coursework1.NewTestNG" tests="1" failures="0" timestamp="10 Oct 2021 12:57:13 GMT" time="2.330" errors="0">
  <testcase name="checkTitle" time="2.330" classname="com.sddevops.coursework1.NewTestNG"/>
</testsuite> <!-- com.sddevops.coursework1.NewTestNG -->
